[24-Jan-2019 09:56:09 America/Argentina/Buenos_Aires] PHP Warning:  require(/opt/www/santafemujer/bootstrap/../vendor/autoload.php): failed to open stream: No such file or directory in /opt/www/santafemujer/bootstrap/autoload.php on line 17
[24-Jan-2019 09:56:09 America/Argentina/Buenos_Aires] PHP Fatal error:  require(): Failed opening required '/opt/www/santafemujer/bootstrap/../vendor/autoload.php' (include_path='.:/usr/share/pear:/usr/share/php') in /opt/www/santafemujer/bootstrap/autoload.php on line 17
[24-Jan-2019 09:56:15 America/Argentina/Buenos_Aires] PHP Warning:  require(/opt/www/santafemujer/bootstrap/../vendor/autoload.php): failed to open stream: No such file or directory in /opt/www/santafemujer/bootstrap/autoload.php on line 17
[24-Jan-2019 09:56:15 America/Argentina/Buenos_Aires] PHP Fatal error:  require(): Failed opening required '/opt/www/santafemujer/bootstrap/../vendor/autoload.php' (include_path='.:/usr/share/pear:/usr/share/php') in /opt/www/santafemujer/bootstrap/autoload.php on line 17
[24-Jan-2019 09:56:33 America/Argentina/Buenos_Aires] PHP Warning:  require(/opt/www/santafemujer/bootstrap/../vendor/autoload.php): failed to open stream: No such file or directory in /opt/www/santafemujer/bootstrap/autoload.php on line 17
[24-Jan-2019 09:56:33 America/Argentina/Buenos_Aires] PHP Fatal error:  require(): Failed opening required '/opt/www/santafemujer/bootstrap/../vendor/autoload.php' (include_path='.:/usr/share/pear:/usr/share/php') in /opt/www/santafemujer/bootstrap/autoload.php on line 17
[29-Jan-2019 17:31:42 America/Argentina/Buenos_Aires] PHP Warning:  require(/opt/www/santafemujer/bootstrap/../vendor/autoload.php): failed to open stream: No such file or directory in /opt/www/santafemujer/bootstrap/autoload.php on line 17
[29-Jan-2019 17:31:42 America/Argentina/Buenos_Aires] PHP Fatal error:  require(): Failed opening required '/opt/www/santafemujer/bootstrap/../vendor/autoload.php' (include_path='.:/usr/share/pear:/usr/share/php') in /opt/www/santafemujer/bootstrap/autoload.php on line 17
[29-Jan-2019 21:56:52 UTC] PHP Fatal error:  Class 'App\Http\Controllers\API\DB' not found in /opt/www/santafemujer/app/Http/Controllers/API/UserController.php on line 24
[29-Jan-2019 22:01:48 UTC] PHP Fatal error:  Class 'App\Http\Controllers\API\DB' not found in /opt/www/santafemujer/app/Http/Controllers/API/UserController.php on line 23
[30-Jan-2019 11:35:39 UTC] PHP Parse error:  syntax error, unexpected '->' (T_OBJECT_OPERATOR), expecting ',' or ';' in /opt/www/santafemujer/app/Http/Controllers/API/UserController.php on line 26
[30-Jan-2019 11:41:58 UTC] PHP Parse error:  syntax error, unexpected '->' (T_OBJECT_OPERATOR), expecting ',' or ';' in /opt/www/santafemujer/app/Http/Controllers/API/UserController.php on line 26
[30-Jan-2019 18:51:40 America/Argentina/Buenos_Aires] PHP Warning:  require(/opt/www/santafemujer/bootstrap/../vendor/autoload.php): failed to open stream: Permission denied in /opt/www/santafemujer/bootstrap/autoload.php on line 17
[30-Jan-2019 18:51:40 America/Argentina/Buenos_Aires] PHP Fatal error:  require(): Failed opening required '/opt/www/santafemujer/bootstrap/../vendor/autoload.php' (include_path='.:/usr/share/pear:/usr/share/php') in /opt/www/santafemujer/bootstrap/autoload.php on line 17
[30-Jan-2019 18:52:45 America/Argentina/Buenos_Aires] PHP Warning:  require(/opt/www/santafemujer/bootstrap/../vendor/autoload.php): failed to open stream: Permission denied in /opt/www/santafemujer/bootstrap/autoload.php on line 17
[30-Jan-2019 18:52:45 America/Argentina/Buenos_Aires] PHP Fatal error:  require(): Failed opening required '/opt/www/santafemujer/bootstrap/../vendor/autoload.php' (include_path='.:/usr/share/pear:/usr/share/php') in /opt/www/santafemujer/bootstrap/autoload.php on line 17
[04-Feb-2019 21:52:04 UTC] PHP Parse error:  syntax error, unexpected ';' in /opt/www/santafemujer/app/Http/Controllers/API/NovedadController.php on line 18
[06-Feb-2019 03:48:40 UTC] PHP Parse error:  syntax error, unexpected ';' in /opt/www/santafemujer/app/Http/Controllers/API/UserController.php on line 46
[06-Feb-2019 04:07:55 UTC] PHP Parse error:  syntax error, unexpected '=>' (T_DOUBLE_ARROW) in /opt/www/santafemujer/app/Http/Controllers/API/UserController.php on line 46
[06-Feb-2019 04:19:45 UTC] PHP Fatal error:  Cannot use isset() on the result of a function call (you can use "null !== func()" instead) in /opt/www/santafemujer/app/Http/Controllers/API/UserController.php on line 46
[06-Feb-2019 04:20:22 UTC] PHP Parse error:  syntax error, unexpected ')', expecting ']' in /opt/www/santafemujer/app/Http/Controllers/API/UserController.php on line 47
[12-Feb-2019 23:02:06 UTC] PHP Parse error:  syntax error, unexpected '<<' (T_SL) in /opt/www/santafemujer/app/Http/Controllers/API/OpinionController.php on line 60
